<?xml version="1.0" encoding="UTF-8"?>
<testsuite name="com.heeju.bootmvc.DataSourceTests" tests="1" skipped="0" failures="0" errors="0" timestamp="2023-12-22T12:36:28" hostname="ADMINRG-KACKL4Q" time="4.46">
  <properties/>
  <testcase name="testConnection()" classname="com.heeju.bootmvc.DataSourceTests" time="4.46"/>
  <system-out><![CDATA[22:36:17.390 [Test worker] INFO org.springframework.test.context.support.AnnotationConfigContextLoaderUtils -- Could not detect default configuration classes for test class [com.heeju.bootmvc.DataSourceTests]: DataSourceTests does not declare any static, non-private, non-final, nested classes annotated with @Configuration.
22:36:17.813 [Test worker] INFO org.springframework.boot.test.context.SpringBootTestContextBootstrapper -- Found @SpringBootConfiguration com.heeju.bootmvc.BootMvcApplication for test class com.heeju.bootmvc.DataSourceTests

  .   ____          _            __ _ _
 /\\ / ___'_ __ _ _(_)_ __  __ _ \ \ \ \
( ( )\___ | '_ | '_| | '_ \/ _` | \ \ \ \
 \\/  ___)| |_)| | | | | || (_| |  ) ) ) )
  '  |____| .__|_| |_|_| |_\__, | / / / /
 =========|_|==============|___/=/_/_/_/
 :: Spring Boot ::                (v3.2.1)

2023-12-22T22:36:19.464+10:00  INFO 5876 --- [    Test worker] com.heeju.bootmvc.DataSourceTests        : Starting DataSourceTests using Java 17.0.7 with PID 5876 (started by HEEJU in D:\IT_SPACES\AutoProject\SpringBoot\bootMVC)
2023-12-22T22:36:19.468+10:00  INFO 5876 --- [    Test worker] com.heeju.bootmvc.DataSourceTests        : No active profile set, falling back to 1 default profile: "default"
2023-12-22T22:36:21.672+10:00  INFO 5876 --- [    Test worker] .s.d.r.c.RepositoryConfigurationDelegate : Bootstrapping Spring Data JPA repositories in DEFAULT mode.
2023-12-22T22:36:21.717+10:00  INFO 5876 --- [    Test worker] .s.d.r.c.RepositoryConfigurationDelegate : Finished Spring Data repository scanning in 24 ms. Found 0 JPA repository interfaces.
2023-12-22T22:36:22.925+10:00  INFO 5876 --- [    Test worker] com.zaxxer.hikari.HikariDataSource       : HikariPool-1 - Starting...
2023-12-22T22:36:23.308+10:00  INFO 5876 --- [    Test worker] com.zaxxer.hikari.pool.HikariPool        : HikariPool-1 - Added connection org.mariadb.jdbc.Connection@2a87ba34
2023-12-22T22:36:23.313+10:00  INFO 5876 --- [    Test worker] com.zaxxer.hikari.HikariDataSource       : HikariPool-1 - Start completed.
2023-12-22T22:36:23.506+10:00  INFO 5876 --- [    Test worker] o.hibernate.jpa.internal.util.LogHelper  : HHH000204: Processing PersistenceUnitInfo [name: default]
2023-12-22T22:36:23.828+10:00  INFO 5876 --- [    Test worker] org.hibernate.Version                    : HHH000412: Hibernate ORM core version 6.4.1.Final
2023-12-22T22:36:23.929+10:00  INFO 5876 --- [    Test worker] o.h.c.internal.RegionFactoryInitiator    : HHH000026: Second-level cache disabled
2023-12-22T22:36:24.994+10:00  INFO 5876 --- [    Test worker] o.s.o.j.p.SpringPersistenceUnitInfo      : No LoadTimeWeaver setup: ignoring JPA class transformer
2023-12-22T22:36:26.488+10:00  INFO 5876 --- [    Test worker] o.h.e.t.j.p.i.JtaPlatformInitiator       : HHH000489: No JTA platform available (set 'hibernate.transaction.jta.platform' to enable JTA platform integration)
2023-12-22T22:36:26.502+10:00  INFO 5876 --- [    Test worker] j.LocalContainerEntityManagerFactoryBean : Initialized JPA EntityManagerFactory for persistence unit 'default'
2023-12-22T22:36:26.851+10:00  WARN 5876 --- [    Test worker] JpaBaseConfiguration$JpaWebConfiguration : spring.jpa.open-in-view is enabled by default. Therefore, database queries may be performed during view rendering. Explicitly configure spring.jpa.open-in-view to disable this warning
2023-12-22T22:36:28.068+10:00  INFO 5876 --- [    Test worker] com.heeju.bootmvc.DataSourceTests        : Started DataSourceTests in 9.481 seconds (process running for 15.854)
2023-12-22T22:36:32.574+10:00  INFO 5876 --- [    Test worker] com.heeju.bootmvc.DataSourceTests        : HikariProxyConnection@1917593312 wrapping org.mariadb.jdbc.Connection@2a87ba34
]]></system-out>
  <system-err><![CDATA[]]></system-err>
</testsuite>
